<?xml version="1.0" encoding="UTF-8"?>
<!-- Generated by org.testng.reporters.JUnitReportReporter -->
<testsuite skipped="0" hostname="LAPTOP-KK187S4C" name="helloworld_test.TestHelloWorld" tests="1" failures="0" timestamp="2020-10-07T17:40:43 MDT" time="0.015" errors="0">
  <testcase name="testHelloWorld" time="0.015" classname="helloworld_test.TestHelloWorld"/>
  <system-out/>
</testsuite> <!-- helloworld_test.TestHelloWorld -->
